[2025-01-12T16:29:48.873+0000] {taskinstance.py:1171} INFO - Dependencies all met for <TaskInstance: insert_to_airflow.load manual__2025-01-11T09:20:00+00:00 [queued]>
[2025-01-12T16:29:48.877+0000] {taskinstance.py:1171} INFO - Dependencies all met for <TaskInstance: insert_to_airflow.load manual__2025-01-11T09:20:00+00:00 [queued]>
[2025-01-12T16:29:48.878+0000] {taskinstance.py:1368} INFO - 
--------------------------------------------------------------------------------
[2025-01-12T16:29:48.878+0000] {taskinstance.py:1369} INFO - Starting attempt 2 of 2
[2025-01-12T16:29:48.878+0000] {taskinstance.py:1370} INFO - 
--------------------------------------------------------------------------------
[2025-01-12T16:29:48.883+0000] {taskinstance.py:1389} INFO - Executing <Task(PythonOperator): load> on 2025-01-11 09:20:00+00:00
[2025-01-12T16:29:48.886+0000] {standard_task_runner.py:52} INFO - Started process 15714 to run task
[2025-01-12T16:29:48.888+0000] {standard_task_runner.py:79} INFO - Running: ['***', 'tasks', 'run', 'insert_to_***', 'load', 'manual__2025-01-11T09:20:00+00:00', '--job-id', '1352', '--raw', '--subdir', 'DAGS_FOLDER/P2M3_nathaniel_andre_DAG.py', '--cfg-path', '/tmp/tmphmsz7bsd', '--error-file', '/tmp/tmpdxoez0q9']
[2025-01-12T16:29:48.889+0000] {standard_task_runner.py:80} INFO - Job 1352: Subtask load
[2025-01-12T16:29:48.928+0000] {task_command.py:371} INFO - Running <TaskInstance: insert_to_airflow.load manual__2025-01-11T09:20:00+00:00 [running]> on host 2a18b2dc8ea9
[2025-01-12T16:29:48.963+0000] {taskinstance.py:1583} INFO - Exporting the following env vars:
AIRFLOW_CTX_DAG_OWNER=nathaniel
AIRFLOW_CTX_DAG_ID=insert_to_***
AIRFLOW_CTX_TASK_ID=load
AIRFLOW_CTX_EXECUTION_DATE=2025-01-11T09:20:00+00:00
AIRFLOW_CTX_TRY_NUMBER=2
AIRFLOW_CTX_DAG_RUN_ID=manual__2025-01-11T09:20:00+00:00
[2025-01-12T16:29:49.035+0000] {base.py:271} INFO - PUT http://elasticsearch:9200/loadpostgres [status:200 request:0.070s]
[2025-01-12T16:29:49.397+0000] {base.py:271} INFO - POST http://elasticsearch:9200/_bulk [status:200 request:0.208s]
[2025-01-12T16:29:49.555+0000] {base.py:271} INFO - POST http://elasticsearch:9200/_bulk [status:200 request:0.150s]
[2025-01-12T16:29:49.686+0000] {base.py:271} INFO - POST http://elasticsearch:9200/_bulk [status:200 request:0.119s]
[2025-01-12T16:29:49.793+0000] {base.py:271} INFO - POST http://elasticsearch:9200/_bulk [status:200 request:0.095s]
[2025-01-12T16:29:49.856+0000] {base.py:271} INFO - POST http://elasticsearch:9200/_bulk [status:200 request:0.055s]
[2025-01-12T16:29:49.920+0000] {base.py:271} INFO - POST http://elasticsearch:9200/_bulk [status:200 request:0.055s]
[2025-01-12T16:29:49.988+0000] {base.py:271} INFO - POST http://elasticsearch:9200/_bulk [status:200 request:0.055s]
[2025-01-12T16:29:50.052+0000] {base.py:271} INFO - POST http://elasticsearch:9200/_bulk [status:200 request:0.055s]
[2025-01-12T16:29:50.096+0000] {base.py:271} INFO - POST http://elasticsearch:9200/_bulk [status:200 request:0.031s]
[2025-01-12T16:29:50.131+0000] {base.py:271} INFO - POST http://elasticsearch:9200/_bulk [status:200 request:0.026s]
[2025-01-12T16:29:50.189+0000] {base.py:271} INFO - POST http://elasticsearch:9200/_bulk [status:200 request:0.047s]
[2025-01-12T16:29:50.243+0000] {base.py:271} INFO - POST http://elasticsearch:9200/_bulk [status:200 request:0.042s]
[2025-01-12T16:29:50.281+0000] {base.py:271} INFO - POST http://elasticsearch:9200/_bulk [status:200 request:0.027s]
[2025-01-12T16:29:50.319+0000] {base.py:271} INFO - POST http://elasticsearch:9200/_bulk [status:200 request:0.032s]
[2025-01-12T16:29:50.358+0000] {base.py:271} INFO - POST http://elasticsearch:9200/_bulk [status:200 request:0.028s]
[2025-01-12T16:29:50.398+0000] {base.py:271} INFO - POST http://elasticsearch:9200/_bulk [status:200 request:0.033s]
[2025-01-12T16:29:50.439+0000] {base.py:271} INFO - POST http://elasticsearch:9200/_bulk [status:200 request:0.029s]
[2025-01-12T16:29:50.483+0000] {base.py:271} INFO - POST http://elasticsearch:9200/_bulk [status:200 request:0.032s]
[2025-01-12T16:29:50.517+0000] {base.py:271} INFO - POST http://elasticsearch:9200/_bulk [status:200 request:0.028s]
[2025-01-12T16:29:50.556+0000] {base.py:271} INFO - POST http://elasticsearch:9200/_bulk [status:200 request:0.032s]
[2025-01-12T16:29:50.557+0000] {logging_mixin.py:115} INFO - Successfully indexed 9994 documents.
[2025-01-12T16:29:50.563+0000] {python.py:173} INFO - Done. Returned value was: None
[2025-01-12T16:29:50.573+0000] {taskinstance.py:1412} INFO - Marking task as SUCCESS. dag_id=insert_to_***, task_id=load, execution_date=20250111T092000, start_date=20250112T162948, end_date=20250112T162950
[2025-01-12T16:29:50.590+0000] {local_task_job.py:156} INFO - Task exited with return code 0
[2025-01-12T16:29:50.614+0000] {local_task_job.py:279} INFO - 0 downstream tasks scheduled from follow-on schedule check
