[2025-01-11T09:58:39.502+0000] {taskinstance.py:1171} INFO - Dependencies all met for <TaskInstance: insert_only_one.clean manual__2025-01-11T09:58:38.029968+00:00 [queued]>
[2025-01-11T09:58:39.505+0000] {taskinstance.py:1171} INFO - Dependencies all met for <TaskInstance: insert_only_one.clean manual__2025-01-11T09:58:38.029968+00:00 [queued]>
[2025-01-11T09:58:39.506+0000] {taskinstance.py:1368} INFO - 
--------------------------------------------------------------------------------
[2025-01-11T09:58:39.506+0000] {taskinstance.py:1369} INFO - Starting attempt 1 of 2
[2025-01-11T09:58:39.506+0000] {taskinstance.py:1370} INFO - 
--------------------------------------------------------------------------------
[2025-01-11T09:58:39.512+0000] {taskinstance.py:1389} INFO - Executing <Task(PythonOperator): clean> on 2025-01-11 09:58:38.029968+00:00
[2025-01-11T09:58:39.515+0000] {standard_task_runner.py:52} INFO - Started process 6440 to run task
[2025-01-11T09:58:39.516+0000] {standard_task_runner.py:79} INFO - Running: ['***', 'tasks', 'run', 'insert_only_one', 'clean', 'manual__2025-01-11T09:58:38.029968+00:00', '--job-id', '1029', '--raw', '--subdir', 'DAGS_FOLDER/only_one_DAG.py', '--cfg-path', '/tmp/tmpl717bpn7', '--error-file', '/tmp/tmpfaf1av3y']
[2025-01-11T09:58:39.517+0000] {standard_task_runner.py:80} INFO - Job 1029: Subtask clean
[2025-01-11T09:58:39.545+0000] {task_command.py:371} INFO - Running <TaskInstance: insert_only_one.clean manual__2025-01-11T09:58:38.029968+00:00 [running]> on host 2a18b2dc8ea9
[2025-01-11T09:58:39.574+0000] {taskinstance.py:1583} INFO - Exporting the following env vars:
AIRFLOW_CTX_DAG_OWNER=nathaniel
AIRFLOW_CTX_DAG_ID=insert_only_one
AIRFLOW_CTX_TASK_ID=clean
AIRFLOW_CTX_EXECUTION_DATE=2025-01-11T09:58:38.029968+00:00
AIRFLOW_CTX_TRY_NUMBER=1
AIRFLOW_CTX_DAG_RUN_ID=manual__2025-01-11T09:58:38.029968+00:00
[2025-01-11T09:58:39.679+0000] {logging_mixin.py:115} INFO - Data cleaned and saved to csv
[2025-01-11T09:58:39.680+0000] {python.py:173} INFO - Done. Returned value was: None
[2025-01-11T09:58:39.686+0000] {taskinstance.py:1412} INFO - Marking task as SUCCESS. dag_id=insert_only_one, task_id=clean, execution_date=20250111T095838, start_date=20250111T095839, end_date=20250111T095839
[2025-01-11T09:58:39.699+0000] {local_task_job.py:156} INFO - Task exited with return code 0
[2025-01-11T09:58:39.716+0000] {local_task_job.py:279} INFO - 1 downstream tasks scheduled from follow-on schedule check
