[2025-01-11T09:58:40.544+0000] {taskinstance.py:1171} INFO - Dependencies all met for <TaskInstance: insert_only_one.load manual__2025-01-11T09:58:38.029968+00:00 [queued]>
[2025-01-11T09:58:40.548+0000] {taskinstance.py:1171} INFO - Dependencies all met for <TaskInstance: insert_only_one.load manual__2025-01-11T09:58:38.029968+00:00 [queued]>
[2025-01-11T09:58:40.548+0000] {taskinstance.py:1368} INFO - 
--------------------------------------------------------------------------------
[2025-01-11T09:58:40.548+0000] {taskinstance.py:1369} INFO - Starting attempt 1 of 2
[2025-01-11T09:58:40.548+0000] {taskinstance.py:1370} INFO - 
--------------------------------------------------------------------------------
[2025-01-11T09:58:40.553+0000] {taskinstance.py:1389} INFO - Executing <Task(PythonOperator): load> on 2025-01-11 09:58:38.029968+00:00
[2025-01-11T09:58:40.556+0000] {standard_task_runner.py:52} INFO - Started process 6443 to run task
[2025-01-11T09:58:40.557+0000] {standard_task_runner.py:79} INFO - Running: ['***', 'tasks', 'run', 'insert_only_one', 'load', 'manual__2025-01-11T09:58:38.029968+00:00', '--job-id', '1030', '--raw', '--subdir', 'DAGS_FOLDER/only_one_DAG.py', '--cfg-path', '/tmp/tmpx7z9h33m', '--error-file', '/tmp/tmppnpsrwfu']
[2025-01-11T09:58:40.557+0000] {standard_task_runner.py:80} INFO - Job 1030: Subtask load
[2025-01-11T09:58:40.580+0000] {task_command.py:371} INFO - Running <TaskInstance: insert_only_one.load manual__2025-01-11T09:58:38.029968+00:00 [running]> on host 2a18b2dc8ea9
[2025-01-11T09:58:40.603+0000] {taskinstance.py:1583} INFO - Exporting the following env vars:
AIRFLOW_CTX_DAG_OWNER=nathaniel
AIRFLOW_CTX_DAG_ID=insert_only_one
AIRFLOW_CTX_TASK_ID=load
AIRFLOW_CTX_EXECUTION_DATE=2025-01-11T09:58:38.029968+00:00
AIRFLOW_CTX_TRY_NUMBER=1
AIRFLOW_CTX_DAG_RUN_ID=manual__2025-01-11T09:58:38.029968+00:00
[2025-01-11T09:58:40.653+0000] {base.py:271} INFO - PUT http://elasticsearch:9200/connectpostgres [status:200 request:0.049s]
[2025-01-11T09:58:40.764+0000] {base.py:271} INFO - POST http://elasticsearch:9200/_bulk [status:200 request:0.035s]
[2025-01-11T09:58:40.784+0000] {base.py:271} INFO - POST http://elasticsearch:9200/_bulk [status:200 request:0.014s]
[2025-01-11T09:58:40.805+0000] {base.py:271} INFO - POST http://elasticsearch:9200/_bulk [status:200 request:0.016s]
[2025-01-11T09:58:40.833+0000] {base.py:271} INFO - POST http://elasticsearch:9200/_bulk [status:200 request:0.022s]
[2025-01-11T09:58:40.854+0000] {base.py:271} INFO - POST http://elasticsearch:9200/_bulk [status:200 request:0.015s]
[2025-01-11T09:58:40.872+0000] {base.py:271} INFO - POST http://elasticsearch:9200/_bulk [status:200 request:0.014s]
[2025-01-11T09:58:40.895+0000] {base.py:271} INFO - POST http://elasticsearch:9200/_bulk [status:200 request:0.018s]
[2025-01-11T09:58:40.914+0000] {base.py:271} INFO - POST http://elasticsearch:9200/_bulk [status:200 request:0.014s]
[2025-01-11T09:58:40.933+0000] {base.py:271} INFO - POST http://elasticsearch:9200/_bulk [status:200 request:0.015s]
[2025-01-11T09:58:40.957+0000] {base.py:271} INFO - POST http://elasticsearch:9200/_bulk [status:200 request:0.019s]
[2025-01-11T09:58:40.976+0000] {base.py:271} INFO - POST http://elasticsearch:9200/_bulk [status:200 request:0.015s]
[2025-01-11T09:58:40.993+0000] {base.py:271} INFO - POST http://elasticsearch:9200/_bulk [status:200 request:0.013s]
[2025-01-11T09:58:41.013+0000] {base.py:271} INFO - POST http://elasticsearch:9200/_bulk [status:200 request:0.015s]
[2025-01-11T09:58:41.031+0000] {base.py:271} INFO - POST http://elasticsearch:9200/_bulk [status:200 request:0.013s]
[2025-01-11T09:58:41.050+0000] {base.py:271} INFO - POST http://elasticsearch:9200/_bulk [status:200 request:0.014s]
[2025-01-11T09:58:41.071+0000] {base.py:271} INFO - POST http://elasticsearch:9200/_bulk [status:200 request:0.017s]
[2025-01-11T09:58:41.092+0000] {base.py:271} INFO - POST http://elasticsearch:9200/_bulk [status:200 request:0.016s]
[2025-01-11T09:58:41.110+0000] {base.py:271} INFO - POST http://elasticsearch:9200/_bulk [status:200 request:0.013s]
[2025-01-11T09:58:41.134+0000] {base.py:271} INFO - POST http://elasticsearch:9200/_bulk [status:200 request:0.019s]
[2025-01-11T09:58:41.153+0000] {base.py:271} INFO - POST http://elasticsearch:9200/_bulk [status:200 request:0.015s]
[2025-01-11T09:58:41.154+0000] {logging_mixin.py:115} INFO - Successfully indexed 9994 documents.
[2025-01-11T09:58:41.159+0000] {python.py:173} INFO - Done. Returned value was: None
[2025-01-11T09:58:41.166+0000] {taskinstance.py:1412} INFO - Marking task as SUCCESS. dag_id=insert_only_one, task_id=load, execution_date=20250111T095838, start_date=20250111T095840, end_date=20250111T095841
[2025-01-11T09:58:41.217+0000] {local_task_job.py:156} INFO - Task exited with return code 0
[2025-01-11T09:58:41.231+0000] {local_task_job.py:279} INFO - 0 downstream tasks scheduled from follow-on schedule check
