[2025-01-11T09:58:38.757+0000] {taskinstance.py:1171} INFO - Dependencies all met for <TaskInstance: insert_only_one.fetch manual__2025-01-11T09:58:38.029968+00:00 [queued]>
[2025-01-11T09:58:38.760+0000] {taskinstance.py:1171} INFO - Dependencies all met for <TaskInstance: insert_only_one.fetch manual__2025-01-11T09:58:38.029968+00:00 [queued]>
[2025-01-11T09:58:38.760+0000] {taskinstance.py:1368} INFO - 
--------------------------------------------------------------------------------
[2025-01-11T09:58:38.760+0000] {taskinstance.py:1369} INFO - Starting attempt 1 of 2
[2025-01-11T09:58:38.760+0000] {taskinstance.py:1370} INFO - 
--------------------------------------------------------------------------------
[2025-01-11T09:58:38.764+0000] {taskinstance.py:1389} INFO - Executing <Task(PythonOperator): fetch> on 2025-01-11 09:58:38.029968+00:00
[2025-01-11T09:58:38.767+0000] {standard_task_runner.py:52} INFO - Started process 6437 to run task
[2025-01-11T09:58:38.769+0000] {standard_task_runner.py:79} INFO - Running: ['***', 'tasks', 'run', 'insert_only_one', 'fetch', 'manual__2025-01-11T09:58:38.029968+00:00', '--job-id', '1028', '--raw', '--subdir', 'DAGS_FOLDER/only_one_DAG.py', '--cfg-path', '/tmp/tmp1nxsvz7e', '--error-file', '/tmp/tmple1u6qxh']
[2025-01-11T09:58:38.769+0000] {standard_task_runner.py:80} INFO - Job 1028: Subtask fetch
[2025-01-11T09:58:38.792+0000] {task_command.py:371} INFO - Running <TaskInstance: insert_only_one.fetch manual__2025-01-11T09:58:38.029968+00:00 [running]> on host 2a18b2dc8ea9
[2025-01-11T09:58:38.816+0000] {taskinstance.py:1583} INFO - Exporting the following env vars:
AIRFLOW_CTX_DAG_OWNER=nathaniel
AIRFLOW_CTX_DAG_ID=insert_only_one
AIRFLOW_CTX_TASK_ID=fetch
AIRFLOW_CTX_EXECUTION_DATE=2025-01-11T09:58:38.029968+00:00
AIRFLOW_CTX_TRY_NUMBER=1
AIRFLOW_CTX_DAG_RUN_ID=manual__2025-01-11T09:58:38.029968+00:00
[2025-01-11T09:58:38.911+0000] {logging_mixin.py:115} INFO - Data extracted and saved to raw_data.csv
[2025-01-11T09:58:38.913+0000] {python.py:173} INFO - Done. Returned value was: None
[2025-01-11T09:58:38.918+0000] {taskinstance.py:1412} INFO - Marking task as SUCCESS. dag_id=insert_only_one, task_id=fetch, execution_date=20250111T095838, start_date=20250111T095838, end_date=20250111T095838
[2025-01-11T09:58:38.949+0000] {local_task_job.py:156} INFO - Task exited with return code 0
[2025-01-11T09:58:38.964+0000] {local_task_job.py:279} INFO - 1 downstream tasks scheduled from follow-on schedule check
