[2025-01-12T16:29:55.317+0000] {taskinstance.py:1171} INFO - Dependencies all met for <TaskInstance: insert_to_airflow.clean scheduled__2025-01-11T09:10:00+00:00 [queued]>
[2025-01-12T16:29:55.337+0000] {taskinstance.py:1171} INFO - Dependencies all met for <TaskInstance: insert_to_airflow.clean scheduled__2025-01-11T09:10:00+00:00 [queued]>
[2025-01-12T16:29:55.337+0000] {taskinstance.py:1368} INFO - 
--------------------------------------------------------------------------------
[2025-01-12T16:29:55.337+0000] {taskinstance.py:1369} INFO - Starting attempt 1 of 2
[2025-01-12T16:29:55.338+0000] {taskinstance.py:1370} INFO - 
--------------------------------------------------------------------------------
[2025-01-12T16:29:55.365+0000] {taskinstance.py:1389} INFO - Executing <Task(PythonOperator): clean> on 2025-01-11 09:10:00+00:00
[2025-01-12T16:29:55.371+0000] {standard_task_runner.py:52} INFO - Started process 15763 to run task
[2025-01-12T16:29:55.378+0000] {standard_task_runner.py:79} INFO - Running: ['***', 'tasks', 'run', 'insert_to_***', 'clean', 'scheduled__2025-01-11T09:10:00+00:00', '--job-id', '1360', '--raw', '--subdir', 'DAGS_FOLDER/P2M3_nathaniel_andre_DAG.py', '--cfg-path', '/tmp/tmpogl3yu44', '--error-file', '/tmp/tmpqa2t7v1_']
[2025-01-12T16:29:55.382+0000] {standard_task_runner.py:80} INFO - Job 1360: Subtask clean
[2025-01-12T16:29:55.447+0000] {task_command.py:371} INFO - Running <TaskInstance: insert_to_airflow.clean scheduled__2025-01-11T09:10:00+00:00 [running]> on host 2a18b2dc8ea9
[2025-01-12T16:29:55.524+0000] {taskinstance.py:1583} INFO - Exporting the following env vars:
AIRFLOW_CTX_DAG_OWNER=nathaniel
AIRFLOW_CTX_DAG_ID=insert_to_***
AIRFLOW_CTX_TASK_ID=clean
AIRFLOW_CTX_EXECUTION_DATE=2025-01-11T09:10:00+00:00
AIRFLOW_CTX_TRY_NUMBER=1
AIRFLOW_CTX_DAG_RUN_ID=scheduled__2025-01-11T09:10:00+00:00
[2025-01-12T16:29:56.099+0000] {logging_mixin.py:115} INFO - Data cleaned and saved to csv
[2025-01-12T16:29:56.106+0000] {python.py:173} INFO - Done. Returned value was: None
[2025-01-12T16:29:56.165+0000] {taskinstance.py:1412} INFO - Marking task as SUCCESS. dag_id=insert_to_***, task_id=clean, execution_date=20250111T091000, start_date=20250112T162955, end_date=20250112T162956
[2025-01-12T16:29:56.195+0000] {local_task_job.py:156} INFO - Task exited with return code 0
[2025-01-12T16:29:56.264+0000] {local_task_job.py:279} INFO - 1 downstream tasks scheduled from follow-on schedule check
