[2025-01-12T16:29:51.413+0000] {taskinstance.py:1171} INFO - Dependencies all met for <TaskInstance: insert_to_airflow.load scheduled__2024-11-16T09:10:00+00:00 [queued]>
[2025-01-12T16:29:51.428+0000] {taskinstance.py:1171} INFO - Dependencies all met for <TaskInstance: insert_to_airflow.load scheduled__2024-11-16T09:10:00+00:00 [queued]>
[2025-01-12T16:29:51.429+0000] {taskinstance.py:1368} INFO - 
--------------------------------------------------------------------------------
[2025-01-12T16:29:51.430+0000] {taskinstance.py:1369} INFO - Starting attempt 2 of 2
[2025-01-12T16:29:51.430+0000] {taskinstance.py:1370} INFO - 
--------------------------------------------------------------------------------
[2025-01-12T16:29:51.452+0000] {taskinstance.py:1389} INFO - Executing <Task(PythonOperator): load> on 2024-11-16 09:10:00+00:00
[2025-01-12T16:29:51.459+0000] {standard_task_runner.py:52} INFO - Started process 15729 to run task
[2025-01-12T16:29:51.463+0000] {standard_task_runner.py:79} INFO - Running: ['***', 'tasks', 'run', 'insert_to_***', 'load', 'scheduled__2024-11-16T09:10:00+00:00', '--job-id', '1355', '--raw', '--subdir', 'DAGS_FOLDER/P2M3_nathaniel_andre_DAG.py', '--cfg-path', '/tmp/tmpkz07lery', '--error-file', '/tmp/tmpzb8cbnna']
[2025-01-12T16:29:51.465+0000] {standard_task_runner.py:80} INFO - Job 1355: Subtask load
[2025-01-12T16:29:51.533+0000] {task_command.py:371} INFO - Running <TaskInstance: insert_to_airflow.load scheduled__2024-11-16T09:10:00+00:00 [running]> on host 2a18b2dc8ea9
[2025-01-12T16:29:51.600+0000] {taskinstance.py:1583} INFO - Exporting the following env vars:
AIRFLOW_CTX_DAG_OWNER=nathaniel
AIRFLOW_CTX_DAG_ID=insert_to_***
AIRFLOW_CTX_TASK_ID=load
AIRFLOW_CTX_EXECUTION_DATE=2024-11-16T09:10:00+00:00
AIRFLOW_CTX_TRY_NUMBER=2
AIRFLOW_CTX_DAG_RUN_ID=scheduled__2024-11-16T09:10:00+00:00
[2025-01-12T16:29:51.609+0000] {base.py:271} INFO - PUT http://elasticsearch:9200/loadpostgres [status:400 request:0.007s]
[2025-01-12T16:29:51.889+0000] {base.py:271} INFO - POST http://elasticsearch:9200/_bulk [status:200 request:0.106s]
[2025-01-12T16:29:51.966+0000] {base.py:271} INFO - POST http://elasticsearch:9200/_bulk [status:200 request:0.056s]
[2025-01-12T16:29:52.006+0000] {base.py:271} INFO - POST http://elasticsearch:9200/_bulk [status:200 request:0.031s]
[2025-01-12T16:29:52.034+0000] {base.py:271} INFO - POST http://elasticsearch:9200/_bulk [status:200 request:0.021s]
[2025-01-12T16:29:52.075+0000] {base.py:271} INFO - POST http://elasticsearch:9200/_bulk [status:200 request:0.032s]
[2025-01-12T16:29:52.108+0000] {base.py:271} INFO - POST http://elasticsearch:9200/_bulk [status:200 request:0.027s]
[2025-01-12T16:29:52.134+0000] {base.py:271} INFO - POST http://elasticsearch:9200/_bulk [status:200 request:0.020s]
[2025-01-12T16:29:52.192+0000] {base.py:271} INFO - POST http://elasticsearch:9200/_bulk [status:200 request:0.049s]
[2025-01-12T16:29:52.283+0000] {base.py:271} INFO - POST http://elasticsearch:9200/_bulk [status:200 request:0.073s]
[2025-01-12T16:29:52.346+0000] {base.py:271} INFO - POST http://elasticsearch:9200/_bulk [status:200 request:0.050s]
[2025-01-12T16:29:52.393+0000] {base.py:271} INFO - POST http://elasticsearch:9200/_bulk [status:200 request:0.039s]
[2025-01-12T16:29:52.431+0000] {base.py:271} INFO - POST http://elasticsearch:9200/_bulk [status:200 request:0.027s]
[2025-01-12T16:29:52.522+0000] {base.py:271} INFO - POST http://elasticsearch:9200/_bulk [status:200 request:0.071s]
[2025-01-12T16:29:52.574+0000] {base.py:271} INFO - POST http://elasticsearch:9200/_bulk [status:200 request:0.041s]
[2025-01-12T16:29:52.773+0000] {base.py:271} INFO - POST http://elasticsearch:9200/_bulk [status:200 request:0.182s]
[2025-01-12T16:29:52.884+0000] {base.py:271} INFO - POST http://elasticsearch:9200/_bulk [status:200 request:0.087s]
[2025-01-12T16:29:52.970+0000] {base.py:271} INFO - POST http://elasticsearch:9200/_bulk [status:200 request:0.072s]
[2025-01-12T16:29:53.171+0000] {base.py:271} INFO - POST http://elasticsearch:9200/_bulk [status:200 request:0.135s]
[2025-01-12T16:29:53.333+0000] {base.py:271} INFO - POST http://elasticsearch:9200/_bulk [status:200 request:0.142s]
[2025-01-12T16:29:53.509+0000] {base.py:271} INFO - POST http://elasticsearch:9200/_bulk [status:200 request:0.137s]
[2025-01-12T16:29:53.511+0000] {logging_mixin.py:115} INFO - Successfully indexed 9994 documents.
[2025-01-12T16:29:53.524+0000] {python.py:173} INFO - Done. Returned value was: None
[2025-01-12T16:29:53.567+0000] {taskinstance.py:1412} INFO - Marking task as SUCCESS. dag_id=insert_to_***, task_id=load, execution_date=20241116T091000, start_date=20250112T162951, end_date=20250112T162953
[2025-01-12T16:29:53.601+0000] {local_task_job.py:156} INFO - Task exited with return code 0
[2025-01-12T16:29:53.725+0000] {local_task_job.py:279} INFO - 0 downstream tasks scheduled from follow-on schedule check
