[2025-01-12T16:24:40.879+0000] {taskinstance.py:1171} INFO - Dependencies all met for <TaskInstance: insert_to_airflow.fetch scheduled__2024-11-02T09:20:00+00:00 [queued]>
[2025-01-12T16:24:40.890+0000] {taskinstance.py:1171} INFO - Dependencies all met for <TaskInstance: insert_to_airflow.fetch scheduled__2024-11-02T09:20:00+00:00 [queued]>
[2025-01-12T16:24:40.890+0000] {taskinstance.py:1368} INFO - 
--------------------------------------------------------------------------------
[2025-01-12T16:24:40.891+0000] {taskinstance.py:1369} INFO - Starting attempt 1 of 2
[2025-01-12T16:24:40.891+0000] {taskinstance.py:1370} INFO - 
--------------------------------------------------------------------------------
[2025-01-12T16:24:40.908+0000] {taskinstance.py:1389} INFO - Executing <Task(PythonOperator): fetch> on 2024-11-02 09:20:00+00:00
[2025-01-12T16:24:40.914+0000] {standard_task_runner.py:52} INFO - Started process 15463 to run task
[2025-01-12T16:24:40.920+0000] {standard_task_runner.py:79} INFO - Running: ['***', 'tasks', 'run', 'insert_to_***', 'fetch', 'scheduled__2024-11-02T09:20:00+00:00', '--job-id', '1305', '--raw', '--subdir', 'DAGS_FOLDER/P2M3_nathaniel_andre_DAG.py', '--cfg-path', '/tmp/tmp_znos3pg', '--error-file', '/tmp/tmpg24rlcdo']
[2025-01-12T16:24:40.921+0000] {standard_task_runner.py:80} INFO - Job 1305: Subtask fetch
[2025-01-12T16:24:40.986+0000] {task_command.py:371} INFO - Running <TaskInstance: insert_to_airflow.fetch scheduled__2024-11-02T09:20:00+00:00 [running]> on host 2a18b2dc8ea9
[2025-01-12T16:24:41.067+0000] {taskinstance.py:1583} INFO - Exporting the following env vars:
AIRFLOW_CTX_DAG_OWNER=nathaniel
AIRFLOW_CTX_DAG_ID=insert_to_***
AIRFLOW_CTX_TASK_ID=fetch
AIRFLOW_CTX_EXECUTION_DATE=2024-11-02T09:20:00+00:00
AIRFLOW_CTX_TRY_NUMBER=1
AIRFLOW_CTX_DAG_RUN_ID=scheduled__2024-11-02T09:20:00+00:00
[2025-01-12T16:24:41.671+0000] {logging_mixin.py:115} INFO - Data extracted and saved to raw_data.csv
[2025-01-12T16:24:41.677+0000] {python.py:173} INFO - Done. Returned value was: None
[2025-01-12T16:24:41.714+0000] {taskinstance.py:1412} INFO - Marking task as SUCCESS. dag_id=insert_to_***, task_id=fetch, execution_date=20241102T092000, start_date=20250112T162440, end_date=20250112T162441
[2025-01-12T16:24:41.758+0000] {local_task_job.py:156} INFO - Task exited with return code 0
[2025-01-12T16:24:41.862+0000] {local_task_job.py:279} INFO - 0 downstream tasks scheduled from follow-on schedule check
