[2025-01-12T16:24:42.882+0000] {taskinstance.py:1171} INFO - Dependencies all met for <TaskInstance: insert_to_airflow.clean manual__2025-01-11T09:20:00+00:00 [queued]>
[2025-01-12T16:24:42.898+0000] {taskinstance.py:1171} INFO - Dependencies all met for <TaskInstance: insert_to_airflow.clean manual__2025-01-11T09:20:00+00:00 [queued]>
[2025-01-12T16:24:42.899+0000] {taskinstance.py:1368} INFO - 
--------------------------------------------------------------------------------
[2025-01-12T16:24:42.899+0000] {taskinstance.py:1369} INFO - Starting attempt 1 of 2
[2025-01-12T16:24:42.901+0000] {taskinstance.py:1370} INFO - 
--------------------------------------------------------------------------------
[2025-01-12T16:24:42.908+0000] {taskinstance.py:1389} INFO - Executing <Task(PythonOperator): clean> on 2025-01-11 09:20:00+00:00
[2025-01-12T16:24:42.912+0000] {standard_task_runner.py:52} INFO - Started process 15490 to run task
[2025-01-12T16:24:42.914+0000] {standard_task_runner.py:79} INFO - Running: ['***', 'tasks', 'run', 'insert_to_***', 'clean', 'manual__2025-01-11T09:20:00+00:00', '--job-id', '1311', '--raw', '--subdir', 'DAGS_FOLDER/P2M3_nathaniel_andre_DAG.py', '--cfg-path', '/tmp/tmp7ulffgue', '--error-file', '/tmp/tmptsf69k8u']
[2025-01-12T16:24:42.915+0000] {standard_task_runner.py:80} INFO - Job 1311: Subtask clean
[2025-01-12T16:24:42.997+0000] {task_command.py:371} INFO - Running <TaskInstance: insert_to_airflow.clean manual__2025-01-11T09:20:00+00:00 [running]> on host 2a18b2dc8ea9
[2025-01-12T16:24:43.098+0000] {taskinstance.py:1583} INFO - Exporting the following env vars:
AIRFLOW_CTX_DAG_OWNER=nathaniel
AIRFLOW_CTX_DAG_ID=insert_to_***
AIRFLOW_CTX_TASK_ID=clean
AIRFLOW_CTX_EXECUTION_DATE=2025-01-11T09:20:00+00:00
AIRFLOW_CTX_TRY_NUMBER=1
AIRFLOW_CTX_DAG_RUN_ID=manual__2025-01-11T09:20:00+00:00
[2025-01-12T16:24:44.858+0000] {logging_mixin.py:115} INFO - Data cleaned and saved to csv
[2025-01-12T16:24:44.860+0000] {python.py:173} INFO - Done. Returned value was: None
[2025-01-12T16:24:44.920+0000] {taskinstance.py:1412} INFO - Marking task as SUCCESS. dag_id=insert_to_***, task_id=clean, execution_date=20250111T092000, start_date=20250112T162442, end_date=20250112T162444
[2025-01-12T16:24:44.967+0000] {local_task_job.py:156} INFO - Task exited with return code 0
[2025-01-12T16:24:45.030+0000] {local_task_job.py:279} INFO - 1 downstream tasks scheduled from follow-on schedule check
