[2025-01-12T16:34:58.414+0000] {taskinstance.py:1171} INFO - Dependencies all met for <TaskInstance: insert_to_airflow.load scheduled__2025-01-11T09:10:00+00:00 [queued]>
[2025-01-12T16:34:58.417+0000] {taskinstance.py:1171} INFO - Dependencies all met for <TaskInstance: insert_to_airflow.load scheduled__2025-01-11T09:10:00+00:00 [queued]>
[2025-01-12T16:34:58.417+0000] {taskinstance.py:1368} INFO - 
--------------------------------------------------------------------------------
[2025-01-12T16:34:58.418+0000] {taskinstance.py:1369} INFO - Starting attempt 2 of 2
[2025-01-12T16:34:58.418+0000] {taskinstance.py:1370} INFO - 
--------------------------------------------------------------------------------
[2025-01-12T16:34:58.422+0000] {taskinstance.py:1389} INFO - Executing <Task(PythonOperator): load> on 2025-01-11 09:10:00+00:00
[2025-01-12T16:34:58.425+0000] {standard_task_runner.py:52} INFO - Started process 15887 to run task
[2025-01-12T16:34:58.426+0000] {standard_task_runner.py:79} INFO - Running: ['***', 'tasks', 'run', 'insert_to_***', 'load', 'scheduled__2025-01-11T09:10:00+00:00', '--job-id', '1370', '--raw', '--subdir', 'DAGS_FOLDER/P2M3_nathaniel_andre_DAG.py', '--cfg-path', '/tmp/tmp52cv5j1e', '--error-file', '/tmp/tmpxdu7kp5a']
[2025-01-12T16:34:58.426+0000] {standard_task_runner.py:80} INFO - Job 1370: Subtask load
[2025-01-12T16:34:58.449+0000] {task_command.py:371} INFO - Running <TaskInstance: insert_to_airflow.load scheduled__2025-01-11T09:10:00+00:00 [running]> on host 2a18b2dc8ea9
[2025-01-12T16:34:58.474+0000] {taskinstance.py:1583} INFO - Exporting the following env vars:
AIRFLOW_CTX_DAG_OWNER=nathaniel
AIRFLOW_CTX_DAG_ID=insert_to_***
AIRFLOW_CTX_TASK_ID=load
AIRFLOW_CTX_EXECUTION_DATE=2025-01-11T09:10:00+00:00
AIRFLOW_CTX_TRY_NUMBER=2
AIRFLOW_CTX_DAG_RUN_ID=scheduled__2025-01-11T09:10:00+00:00
[2025-01-12T16:34:58.479+0000] {base.py:271} INFO - PUT http://elasticsearch:9200/loadpostgres [status:400 request:0.004s]
[2025-01-12T16:34:58.609+0000] {base.py:271} INFO - POST http://elasticsearch:9200/_bulk [status:200 request:0.040s]
[2025-01-12T16:34:58.666+0000] {base.py:271} INFO - POST http://elasticsearch:9200/_bulk [status:200 request:0.051s]
[2025-01-12T16:34:58.737+0000] {base.py:271} INFO - POST http://elasticsearch:9200/_bulk [status:200 request:0.058s]
[2025-01-12T16:34:58.777+0000] {base.py:271} INFO - POST http://elasticsearch:9200/_bulk [status:200 request:0.030s]
[2025-01-12T16:34:58.818+0000] {base.py:271} INFO - POST http://elasticsearch:9200/_bulk [status:200 request:0.034s]
[2025-01-12T16:34:58.852+0000] {base.py:271} INFO - POST http://elasticsearch:9200/_bulk [status:200 request:0.028s]
[2025-01-12T16:34:58.884+0000] {base.py:271} INFO - POST http://elasticsearch:9200/_bulk [status:200 request:0.026s]
[2025-01-12T16:34:58.915+0000] {base.py:271} INFO - POST http://elasticsearch:9200/_bulk [status:200 request:0.025s]
[2025-01-12T16:34:58.947+0000] {base.py:271} INFO - POST http://elasticsearch:9200/_bulk [status:200 request:0.025s]
[2025-01-12T16:34:58.977+0000] {base.py:271} INFO - POST http://elasticsearch:9200/_bulk [status:200 request:0.024s]
[2025-01-12T16:34:59.013+0000] {base.py:271} INFO - POST http://elasticsearch:9200/_bulk [status:200 request:0.030s]
[2025-01-12T16:34:59.046+0000] {base.py:271} INFO - POST http://elasticsearch:9200/_bulk [status:200 request:0.023s]
[2025-01-12T16:34:59.078+0000] {base.py:271} INFO - POST http://elasticsearch:9200/_bulk [status:200 request:0.026s]
[2025-01-12T16:34:59.111+0000] {base.py:271} INFO - POST http://elasticsearch:9200/_bulk [status:200 request:0.026s]
[2025-01-12T16:34:59.140+0000] {base.py:271} INFO - POST http://elasticsearch:9200/_bulk [status:200 request:0.022s]
[2025-01-12T16:34:59.166+0000] {base.py:271} INFO - POST http://elasticsearch:9200/_bulk [status:200 request:0.019s]
[2025-01-12T16:34:59.195+0000] {base.py:271} INFO - POST http://elasticsearch:9200/_bulk [status:200 request:0.023s]
[2025-01-12T16:34:59.221+0000] {base.py:271} INFO - POST http://elasticsearch:9200/_bulk [status:200 request:0.020s]
[2025-01-12T16:34:59.254+0000] {base.py:271} INFO - POST http://elasticsearch:9200/_bulk [status:200 request:0.025s]
[2025-01-12T16:34:59.276+0000] {base.py:271} INFO - POST http://elasticsearch:9200/_bulk [status:200 request:0.016s]
[2025-01-12T16:34:59.277+0000] {logging_mixin.py:115} INFO - Successfully indexed 9994 documents.
[2025-01-12T16:34:59.282+0000] {python.py:173} INFO - Done. Returned value was: None
[2025-01-12T16:34:59.288+0000] {taskinstance.py:1412} INFO - Marking task as SUCCESS. dag_id=insert_to_***, task_id=load, execution_date=20250111T091000, start_date=20250112T163458, end_date=20250112T163459
[2025-01-12T16:34:59.302+0000] {local_task_job.py:156} INFO - Task exited with return code 0
[2025-01-12T16:34:59.316+0000] {local_task_job.py:279} INFO - 0 downstream tasks scheduled from follow-on schedule check
