[2025-01-12T16:29:51.438+0000] {taskinstance.py:1171} INFO - Dependencies all met for <TaskInstance: insert_to_airflow.load scheduled__2024-11-09T09:20:00+00:00 [queued]>
[2025-01-12T16:29:51.460+0000] {taskinstance.py:1171} INFO - Dependencies all met for <TaskInstance: insert_to_airflow.load scheduled__2024-11-09T09:20:00+00:00 [queued]>
[2025-01-12T16:29:51.464+0000] {taskinstance.py:1368} INFO - 
--------------------------------------------------------------------------------
[2025-01-12T16:29:51.464+0000] {taskinstance.py:1369} INFO - Starting attempt 2 of 2
[2025-01-12T16:29:51.465+0000] {taskinstance.py:1370} INFO - 
--------------------------------------------------------------------------------
[2025-01-12T16:29:51.480+0000] {taskinstance.py:1389} INFO - Executing <Task(PythonOperator): load> on 2024-11-09 09:20:00+00:00
[2025-01-12T16:29:51.489+0000] {standard_task_runner.py:52} INFO - Started process 15732 to run task
[2025-01-12T16:29:51.493+0000] {standard_task_runner.py:79} INFO - Running: ['***', 'tasks', 'run', 'insert_to_***', 'load', 'scheduled__2024-11-09T09:20:00+00:00', '--job-id', '1357', '--raw', '--subdir', 'DAGS_FOLDER/P2M3_nathaniel_andre_DAG.py', '--cfg-path', '/tmp/tmpi5jd_0js', '--error-file', '/tmp/tmp5joonftf']
[2025-01-12T16:29:51.494+0000] {standard_task_runner.py:80} INFO - Job 1357: Subtask load
[2025-01-12T16:29:51.572+0000] {task_command.py:371} INFO - Running <TaskInstance: insert_to_airflow.load scheduled__2024-11-09T09:20:00+00:00 [running]> on host 2a18b2dc8ea9
[2025-01-12T16:29:51.647+0000] {taskinstance.py:1583} INFO - Exporting the following env vars:
AIRFLOW_CTX_DAG_OWNER=nathaniel
AIRFLOW_CTX_DAG_ID=insert_to_***
AIRFLOW_CTX_TASK_ID=load
AIRFLOW_CTX_EXECUTION_DATE=2024-11-09T09:20:00+00:00
AIRFLOW_CTX_TRY_NUMBER=2
AIRFLOW_CTX_DAG_RUN_ID=scheduled__2024-11-09T09:20:00+00:00
[2025-01-12T16:29:51.658+0000] {base.py:271} INFO - PUT http://elasticsearch:9200/loadpostgres [status:400 request:0.005s]
[2025-01-12T16:29:51.960+0000] {base.py:271} INFO - POST http://elasticsearch:9200/_bulk [status:200 request:0.090s]
[2025-01-12T16:29:52.011+0000] {base.py:271} INFO - POST http://elasticsearch:9200/_bulk [status:200 request:0.039s]
[2025-01-12T16:29:52.046+0000] {base.py:271} INFO - POST http://elasticsearch:9200/_bulk [status:200 request:0.025s]
[2025-01-12T16:29:52.085+0000] {base.py:271} INFO - POST http://elasticsearch:9200/_bulk [status:200 request:0.031s]
[2025-01-12T16:29:52.127+0000] {base.py:271} INFO - POST http://elasticsearch:9200/_bulk [status:200 request:0.032s]
[2025-01-12T16:29:52.194+0000] {base.py:271} INFO - POST http://elasticsearch:9200/_bulk [status:200 request:0.058s]
[2025-01-12T16:29:52.286+0000] {base.py:271} INFO - POST http://elasticsearch:9200/_bulk [status:200 request:0.076s]
[2025-01-12T16:29:52.349+0000] {base.py:271} INFO - POST http://elasticsearch:9200/_bulk [status:200 request:0.052s]
[2025-01-12T16:29:52.410+0000] {base.py:271} INFO - POST http://elasticsearch:9200/_bulk [status:200 request:0.047s]
[2025-01-12T16:29:52.463+0000] {base.py:271} INFO - POST http://elasticsearch:9200/_bulk [status:200 request:0.045s]
[2025-01-12T16:29:52.819+0000] {base.py:271} INFO - POST http://elasticsearch:9200/_bulk [status:200 request:0.348s]
[2025-01-12T16:29:52.930+0000] {base.py:271} INFO - POST http://elasticsearch:9200/_bulk [status:200 request:0.092s]
[2025-01-12T16:29:53.140+0000] {base.py:271} INFO - POST http://elasticsearch:9200/_bulk [status:200 request:0.169s]
[2025-01-12T16:29:53.325+0000] {base.py:271} INFO - POST http://elasticsearch:9200/_bulk [status:200 request:0.132s]
[2025-01-12T16:29:53.517+0000] {base.py:271} INFO - POST http://elasticsearch:9200/_bulk [status:200 request:0.139s]
[2025-01-12T16:29:53.657+0000] {base.py:271} INFO - POST http://elasticsearch:9200/_bulk [status:200 request:0.111s]
[2025-01-12T16:29:54.206+0000] {base.py:271} INFO - POST http://elasticsearch:9200/_bulk [status:200 request:0.475s]
[2025-01-12T16:29:54.413+0000] {base.py:271} INFO - POST http://elasticsearch:9200/_bulk [status:200 request:0.160s]
[2025-01-12T16:29:54.581+0000] {base.py:271} INFO - POST http://elasticsearch:9200/_bulk [status:200 request:0.112s]
[2025-01-12T16:29:54.711+0000] {base.py:271} INFO - POST http://elasticsearch:9200/_bulk [status:200 request:0.081s]
[2025-01-12T16:29:54.716+0000] {logging_mixin.py:115} INFO - Successfully indexed 9994 documents.
[2025-01-12T16:29:54.753+0000] {python.py:173} INFO - Done. Returned value was: None
[2025-01-12T16:29:54.795+0000] {taskinstance.py:1412} INFO - Marking task as SUCCESS. dag_id=insert_to_***, task_id=load, execution_date=20241109T092000, start_date=20250112T162951, end_date=20250112T162954
[2025-01-12T16:29:54.874+0000] {local_task_job.py:156} INFO - Task exited with return code 0
[2025-01-12T16:29:54.997+0000] {local_task_job.py:279} INFO - 0 downstream tasks scheduled from follow-on schedule check
