[2025-01-12T16:24:41.355+0000] {taskinstance.py:1171} INFO - Dependencies all met for <TaskInstance: insert_to_airflow.fetch scheduled__2024-11-09T09:30:00+00:00 [queued]>
[2025-01-12T16:24:41.362+0000] {taskinstance.py:1171} INFO - Dependencies all met for <TaskInstance: insert_to_airflow.fetch scheduled__2024-11-09T09:30:00+00:00 [queued]>
[2025-01-12T16:24:41.363+0000] {taskinstance.py:1368} INFO - 
--------------------------------------------------------------------------------
[2025-01-12T16:24:41.363+0000] {taskinstance.py:1369} INFO - Starting attempt 1 of 2
[2025-01-12T16:24:41.363+0000] {taskinstance.py:1370} INFO - 
--------------------------------------------------------------------------------
[2025-01-12T16:24:41.372+0000] {taskinstance.py:1389} INFO - Executing <Task(PythonOperator): fetch> on 2024-11-09 09:30:00+00:00
[2025-01-12T16:24:41.375+0000] {standard_task_runner.py:52} INFO - Started process 15469 to run task
[2025-01-12T16:24:41.378+0000] {standard_task_runner.py:79} INFO - Running: ['***', 'tasks', 'run', 'insert_to_***', 'fetch', 'scheduled__2024-11-09T09:30:00+00:00', '--job-id', '1309', '--raw', '--subdir', 'DAGS_FOLDER/P2M3_nathaniel_andre_DAG.py', '--cfg-path', '/tmp/tmpkncyv5_j', '--error-file', '/tmp/tmpishtqhr0']
[2025-01-12T16:24:41.380+0000] {standard_task_runner.py:80} INFO - Job 1309: Subtask fetch
[2025-01-12T16:24:41.538+0000] {task_command.py:371} INFO - Running <TaskInstance: insert_to_airflow.fetch scheduled__2024-11-09T09:30:00+00:00 [running]> on host 2a18b2dc8ea9
[2025-01-12T16:24:41.608+0000] {taskinstance.py:1583} INFO - Exporting the following env vars:
AIRFLOW_CTX_DAG_OWNER=nathaniel
AIRFLOW_CTX_DAG_ID=insert_to_***
AIRFLOW_CTX_TASK_ID=fetch
AIRFLOW_CTX_EXECUTION_DATE=2024-11-09T09:30:00+00:00
AIRFLOW_CTX_TRY_NUMBER=1
AIRFLOW_CTX_DAG_RUN_ID=scheduled__2024-11-09T09:30:00+00:00
[2025-01-12T16:24:42.364+0000] {logging_mixin.py:115} INFO - Data extracted and saved to raw_data.csv
[2025-01-12T16:24:42.390+0000] {python.py:173} INFO - Done. Returned value was: None
[2025-01-12T16:24:42.421+0000] {taskinstance.py:1412} INFO - Marking task as SUCCESS. dag_id=insert_to_***, task_id=fetch, execution_date=20241109T093000, start_date=20250112T162441, end_date=20250112T162442
[2025-01-12T16:24:42.474+0000] {local_task_job.py:156} INFO - Task exited with return code 0
[2025-01-12T16:24:42.547+0000] {local_task_job.py:279} INFO - 1 downstream tasks scheduled from follow-on schedule check
