[2025-01-12T16:29:51.478+0000] {taskinstance.py:1171} INFO - Dependencies all met for <TaskInstance: insert_to_airflow.load scheduled__2024-11-02T09:30:00+00:00 [queued]>
[2025-01-12T16:29:51.494+0000] {taskinstance.py:1171} INFO - Dependencies all met for <TaskInstance: insert_to_airflow.load scheduled__2024-11-02T09:30:00+00:00 [queued]>
[2025-01-12T16:29:51.495+0000] {taskinstance.py:1368} INFO - 
--------------------------------------------------------------------------------
[2025-01-12T16:29:51.497+0000] {taskinstance.py:1369} INFO - Starting attempt 2 of 2
[2025-01-12T16:29:51.498+0000] {taskinstance.py:1370} INFO - 
--------------------------------------------------------------------------------
[2025-01-12T16:29:51.511+0000] {taskinstance.py:1389} INFO - Executing <Task(PythonOperator): load> on 2024-11-02 09:30:00+00:00
[2025-01-12T16:29:51.517+0000] {standard_task_runner.py:52} INFO - Started process 15733 to run task
[2025-01-12T16:29:51.521+0000] {standard_task_runner.py:79} INFO - Running: ['***', 'tasks', 'run', 'insert_to_***', 'load', 'scheduled__2024-11-02T09:30:00+00:00', '--job-id', '1358', '--raw', '--subdir', 'DAGS_FOLDER/P2M3_nathaniel_andre_DAG.py', '--cfg-path', '/tmp/tmpxa7fe9ca', '--error-file', '/tmp/tmpvlswm4nu']
[2025-01-12T16:29:51.523+0000] {standard_task_runner.py:80} INFO - Job 1358: Subtask load
[2025-01-12T16:29:51.589+0000] {task_command.py:371} INFO - Running <TaskInstance: insert_to_airflow.load scheduled__2024-11-02T09:30:00+00:00 [running]> on host 2a18b2dc8ea9
[2025-01-12T16:29:51.665+0000] {taskinstance.py:1583} INFO - Exporting the following env vars:
AIRFLOW_CTX_DAG_OWNER=nathaniel
AIRFLOW_CTX_DAG_ID=insert_to_***
AIRFLOW_CTX_TASK_ID=load
AIRFLOW_CTX_EXECUTION_DATE=2024-11-02T09:30:00+00:00
AIRFLOW_CTX_TRY_NUMBER=2
AIRFLOW_CTX_DAG_RUN_ID=scheduled__2024-11-02T09:30:00+00:00
[2025-01-12T16:29:51.671+0000] {base.py:271} INFO - PUT http://elasticsearch:9200/loadpostgres [status:400 request:0.004s]
[2025-01-12T16:29:51.942+0000] {base.py:271} INFO - POST http://elasticsearch:9200/_bulk [status:200 request:0.068s]
[2025-01-12T16:29:51.989+0000] {base.py:271} INFO - POST http://elasticsearch:9200/_bulk [status:200 request:0.030s]
[2025-01-12T16:29:52.021+0000] {base.py:271} INFO - POST http://elasticsearch:9200/_bulk [status:200 request:0.023s]
[2025-01-12T16:29:52.072+0000] {base.py:271} INFO - POST http://elasticsearch:9200/_bulk [status:200 request:0.039s]
[2025-01-12T16:29:52.104+0000] {base.py:271} INFO - POST http://elasticsearch:9200/_bulk [status:200 request:0.025s]
[2025-01-12T16:29:52.133+0000] {base.py:271} INFO - POST http://elasticsearch:9200/_bulk [status:200 request:0.022s]
[2025-01-12T16:29:52.184+0000] {base.py:271} INFO - POST http://elasticsearch:9200/_bulk [status:200 request:0.043s]
[2025-01-12T16:29:52.280+0000] {base.py:271} INFO - POST http://elasticsearch:9200/_bulk [status:200 request:0.084s]
[2025-01-12T16:29:52.342+0000] {base.py:271} INFO - POST http://elasticsearch:9200/_bulk [status:200 request:0.047s]
[2025-01-12T16:29:52.399+0000] {base.py:271} INFO - POST http://elasticsearch:9200/_bulk [status:200 request:0.045s]
[2025-01-12T16:29:52.449+0000] {base.py:271} INFO - POST http://elasticsearch:9200/_bulk [status:200 request:0.039s]
[2025-01-12T16:29:52.807+0000] {base.py:271} INFO - POST http://elasticsearch:9200/_bulk [status:200 request:0.347s]
[2025-01-12T16:29:52.929+0000] {base.py:271} INFO - POST http://elasticsearch:9200/_bulk [status:200 request:0.098s]
[2025-01-12T16:29:53.136+0000] {base.py:271} INFO - POST http://elasticsearch:9200/_bulk [status:200 request:0.171s]
[2025-01-12T16:29:53.210+0000] {base.py:271} INFO - POST http://elasticsearch:9200/_bulk [status:200 request:0.052s]
[2025-01-12T16:29:53.366+0000] {base.py:271} INFO - POST http://elasticsearch:9200/_bulk [status:200 request:0.131s]
[2025-01-12T16:29:53.518+0000] {base.py:271} INFO - POST http://elasticsearch:9200/_bulk [status:200 request:0.130s]
[2025-01-12T16:29:53.649+0000] {base.py:271} INFO - POST http://elasticsearch:9200/_bulk [status:200 request:0.102s]
[2025-01-12T16:29:54.110+0000] {base.py:271} INFO - POST http://elasticsearch:9200/_bulk [status:200 request:0.412s]
[2025-01-12T16:29:54.352+0000] {base.py:271} INFO - POST http://elasticsearch:9200/_bulk [status:200 request:0.169s]
[2025-01-12T16:29:54.354+0000] {logging_mixin.py:115} INFO - Successfully indexed 9994 documents.
[2025-01-12T16:29:54.395+0000] {python.py:173} INFO - Done. Returned value was: None
[2025-01-12T16:29:54.442+0000] {taskinstance.py:1412} INFO - Marking task as SUCCESS. dag_id=insert_to_***, task_id=load, execution_date=20241102T093000, start_date=20250112T162951, end_date=20250112T162954
[2025-01-12T16:29:54.532+0000] {local_task_job.py:156} INFO - Task exited with return code 0
[2025-01-12T16:29:54.645+0000] {local_task_job.py:279} INFO - 0 downstream tasks scheduled from follow-on schedule check
