[2025-01-12T16:29:48.878+0000] {taskinstance.py:1171} INFO - Dependencies all met for <TaskInstance: insert_to_airflow.load scheduled__2024-11-02T09:10:00+00:00 [queued]>
[2025-01-12T16:29:48.883+0000] {taskinstance.py:1171} INFO - Dependencies all met for <TaskInstance: insert_to_airflow.load scheduled__2024-11-02T09:10:00+00:00 [queued]>
[2025-01-12T16:29:48.884+0000] {taskinstance.py:1368} INFO - 
--------------------------------------------------------------------------------
[2025-01-12T16:29:48.884+0000] {taskinstance.py:1369} INFO - Starting attempt 2 of 2
[2025-01-12T16:29:48.884+0000] {taskinstance.py:1370} INFO - 
--------------------------------------------------------------------------------
[2025-01-12T16:29:48.891+0000] {taskinstance.py:1389} INFO - Executing <Task(PythonOperator): load> on 2024-11-02 09:10:00+00:00
[2025-01-12T16:29:48.895+0000] {standard_task_runner.py:52} INFO - Started process 15716 to run task
[2025-01-12T16:29:48.897+0000] {standard_task_runner.py:79} INFO - Running: ['***', 'tasks', 'run', 'insert_to_***', 'load', 'scheduled__2024-11-02T09:10:00+00:00', '--job-id', '1353', '--raw', '--subdir', 'DAGS_FOLDER/P2M3_nathaniel_andre_DAG.py', '--cfg-path', '/tmp/tmp_z0oi5vb', '--error-file', '/tmp/tmpexwvduf8']
[2025-01-12T16:29:48.898+0000] {standard_task_runner.py:80} INFO - Job 1353: Subtask load
[2025-01-12T16:29:48.933+0000] {task_command.py:371} INFO - Running <TaskInstance: insert_to_airflow.load scheduled__2024-11-02T09:10:00+00:00 [running]> on host 2a18b2dc8ea9
[2025-01-12T16:29:48.968+0000] {taskinstance.py:1583} INFO - Exporting the following env vars:
AIRFLOW_CTX_DAG_OWNER=nathaniel
AIRFLOW_CTX_DAG_ID=insert_to_***
AIRFLOW_CTX_TASK_ID=load
AIRFLOW_CTX_EXECUTION_DATE=2024-11-02T09:10:00+00:00
AIRFLOW_CTX_TRY_NUMBER=2
AIRFLOW_CTX_DAG_RUN_ID=scheduled__2024-11-02T09:10:00+00:00
[2025-01-12T16:29:49.010+0000] {base.py:271} INFO - PUT http://elasticsearch:9200/loadpostgres [status:400 request:0.041s]
[2025-01-12T16:29:49.393+0000] {base.py:271} INFO - POST http://elasticsearch:9200/_bulk [status:200 request:0.236s]
[2025-01-12T16:29:49.540+0000] {base.py:271} INFO - POST http://elasticsearch:9200/_bulk [status:200 request:0.136s]
[2025-01-12T16:29:49.686+0000] {base.py:271} INFO - POST http://elasticsearch:9200/_bulk [status:200 request:0.133s]
[2025-01-12T16:29:49.783+0000] {base.py:271} INFO - POST http://elasticsearch:9200/_bulk [status:200 request:0.082s]
[2025-01-12T16:29:49.858+0000] {base.py:271} INFO - POST http://elasticsearch:9200/_bulk [status:200 request:0.063s]
[2025-01-12T16:29:49.928+0000] {base.py:271} INFO - POST http://elasticsearch:9200/_bulk [status:200 request:0.060s]
[2025-01-12T16:29:49.986+0000] {base.py:271} INFO - POST http://elasticsearch:9200/_bulk [status:200 request:0.049s]
[2025-01-12T16:29:50.205+0000] {base.py:271} INFO - POST http://elasticsearch:9200/_bulk [status:200 request:0.213s]
[2025-01-12T16:29:50.255+0000] {base.py:271} INFO - POST http://elasticsearch:9200/_bulk [status:200 request:0.042s]
[2025-01-12T16:29:50.299+0000] {base.py:271} INFO - POST http://elasticsearch:9200/_bulk [status:200 request:0.033s]
[2025-01-12T16:29:50.345+0000] {base.py:271} INFO - POST http://elasticsearch:9200/_bulk [status:200 request:0.035s]
[2025-01-12T16:29:50.394+0000] {base.py:271} INFO - POST http://elasticsearch:9200/_bulk [status:200 request:0.039s]
[2025-01-12T16:29:50.424+0000] {base.py:271} INFO - POST http://elasticsearch:9200/_bulk [status:200 request:0.024s]
[2025-01-12T16:29:50.461+0000] {base.py:271} INFO - POST http://elasticsearch:9200/_bulk [status:200 request:0.031s]
[2025-01-12T16:29:50.503+0000] {base.py:271} INFO - POST http://elasticsearch:9200/_bulk [status:200 request:0.034s]
[2025-01-12T16:29:50.545+0000] {base.py:271} INFO - POST http://elasticsearch:9200/_bulk [status:200 request:0.035s]
[2025-01-12T16:29:50.582+0000] {base.py:271} INFO - POST http://elasticsearch:9200/_bulk [status:200 request:0.031s]
[2025-01-12T16:29:50.624+0000] {base.py:271} INFO - POST http://elasticsearch:9200/_bulk [status:200 request:0.036s]
[2025-01-12T16:29:50.663+0000] {base.py:271} INFO - POST http://elasticsearch:9200/_bulk [status:200 request:0.031s]
[2025-01-12T16:29:50.750+0000] {base.py:271} INFO - POST http://elasticsearch:9200/_bulk [status:200 request:0.078s]
[2025-01-12T16:29:50.752+0000] {logging_mixin.py:115} INFO - Successfully indexed 9994 documents.
[2025-01-12T16:29:50.760+0000] {python.py:173} INFO - Done. Returned value was: None
[2025-01-12T16:29:50.773+0000] {taskinstance.py:1412} INFO - Marking task as SUCCESS. dag_id=insert_to_***, task_id=load, execution_date=20241102T091000, start_date=20250112T162948, end_date=20250112T162950
[2025-01-12T16:29:50.807+0000] {local_task_job.py:156} INFO - Task exited with return code 0
[2025-01-12T16:29:50.962+0000] {local_task_job.py:279} INFO - 0 downstream tasks scheduled from follow-on schedule check
