[2025-01-12T16:29:48.873+0000] {taskinstance.py:1171} INFO - Dependencies all met for <TaskInstance: insert_to_airflow.load scheduled__2024-11-02T09:20:00+00:00 [queued]>
[2025-01-12T16:29:48.877+0000] {taskinstance.py:1171} INFO - Dependencies all met for <TaskInstance: insert_to_airflow.load scheduled__2024-11-02T09:20:00+00:00 [queued]>
[2025-01-12T16:29:48.878+0000] {taskinstance.py:1368} INFO - 
--------------------------------------------------------------------------------
[2025-01-12T16:29:48.878+0000] {taskinstance.py:1369} INFO - Starting attempt 2 of 2
[2025-01-12T16:29:48.878+0000] {taskinstance.py:1370} INFO - 
--------------------------------------------------------------------------------
[2025-01-12T16:29:48.883+0000] {taskinstance.py:1389} INFO - Executing <Task(PythonOperator): load> on 2024-11-02 09:20:00+00:00
[2025-01-12T16:29:48.886+0000] {standard_task_runner.py:52} INFO - Started process 15715 to run task
[2025-01-12T16:29:48.889+0000] {standard_task_runner.py:79} INFO - Running: ['***', 'tasks', 'run', 'insert_to_***', 'load', 'scheduled__2024-11-02T09:20:00+00:00', '--job-id', '1351', '--raw', '--subdir', 'DAGS_FOLDER/P2M3_nathaniel_andre_DAG.py', '--cfg-path', '/tmp/tmp3eceq8g2', '--error-file', '/tmp/tmprez5196i']
[2025-01-12T16:29:48.890+0000] {standard_task_runner.py:80} INFO - Job 1351: Subtask load
[2025-01-12T16:29:48.928+0000] {task_command.py:371} INFO - Running <TaskInstance: insert_to_airflow.load scheduled__2024-11-02T09:20:00+00:00 [running]> on host 2a18b2dc8ea9
[2025-01-12T16:29:48.963+0000] {taskinstance.py:1583} INFO - Exporting the following env vars:
AIRFLOW_CTX_DAG_OWNER=nathaniel
AIRFLOW_CTX_DAG_ID=insert_to_***
AIRFLOW_CTX_TASK_ID=load
AIRFLOW_CTX_EXECUTION_DATE=2024-11-02T09:20:00+00:00
AIRFLOW_CTX_TRY_NUMBER=2
AIRFLOW_CTX_DAG_RUN_ID=scheduled__2024-11-02T09:20:00+00:00
[2025-01-12T16:29:49.010+0000] {base.py:271} INFO - PUT http://elasticsearch:9200/loadpostgres [status:400 request:0.045s]
[2025-01-12T16:29:49.396+0000] {base.py:271} INFO - POST http://elasticsearch:9200/_bulk [status:200 request:0.244s]
[2025-01-12T16:29:49.549+0000] {base.py:271} INFO - POST http://elasticsearch:9200/_bulk [status:200 request:0.141s]
[2025-01-12T16:29:49.697+0000] {base.py:271} INFO - POST http://elasticsearch:9200/_bulk [status:200 request:0.134s]
[2025-01-12T16:29:49.796+0000] {base.py:271} INFO - POST http://elasticsearch:9200/_bulk [status:200 request:0.082s]
[2025-01-12T16:29:49.865+0000] {base.py:271} INFO - POST http://elasticsearch:9200/_bulk [status:200 request:0.061s]
[2025-01-12T16:29:49.932+0000] {base.py:271} INFO - POST http://elasticsearch:9200/_bulk [status:200 request:0.054s]
[2025-01-12T16:29:50.183+0000] {base.py:271} INFO - POST http://elasticsearch:9200/_bulk [status:200 request:0.240s]
[2025-01-12T16:29:50.229+0000] {base.py:271} INFO - POST http://elasticsearch:9200/_bulk [status:200 request:0.037s]
[2025-01-12T16:29:50.273+0000] {base.py:271} INFO - POST http://elasticsearch:9200/_bulk [status:200 request:0.031s]
[2025-01-12T16:29:50.313+0000] {base.py:271} INFO - POST http://elasticsearch:9200/_bulk [status:200 request:0.031s]
[2025-01-12T16:29:50.356+0000] {base.py:271} INFO - POST http://elasticsearch:9200/_bulk [status:200 request:0.034s]
[2025-01-12T16:29:50.396+0000] {base.py:271} INFO - POST http://elasticsearch:9200/_bulk [status:200 request:0.034s]
[2025-01-12T16:29:50.431+0000] {base.py:271} INFO - POST http://elasticsearch:9200/_bulk [status:200 request:0.025s]
[2025-01-12T16:29:50.475+0000] {base.py:271} INFO - POST http://elasticsearch:9200/_bulk [status:200 request:0.035s]
[2025-01-12T16:29:50.512+0000] {base.py:271} INFO - POST http://elasticsearch:9200/_bulk [status:200 request:0.028s]
[2025-01-12T16:29:50.555+0000] {base.py:271} INFO - POST http://elasticsearch:9200/_bulk [status:200 request:0.036s]
[2025-01-12T16:29:50.590+0000] {base.py:271} INFO - POST http://elasticsearch:9200/_bulk [status:200 request:0.028s]
[2025-01-12T16:29:50.637+0000] {base.py:271} INFO - POST http://elasticsearch:9200/_bulk [status:200 request:0.040s]
[2025-01-12T16:29:50.674+0000] {base.py:271} INFO - POST http://elasticsearch:9200/_bulk [status:200 request:0.029s]
[2025-01-12T16:29:50.759+0000] {base.py:271} INFO - POST http://elasticsearch:9200/_bulk [status:200 request:0.078s]
[2025-01-12T16:29:50.762+0000] {logging_mixin.py:115} INFO - Successfully indexed 9994 documents.
[2025-01-12T16:29:50.770+0000] {python.py:173} INFO - Done. Returned value was: None
[2025-01-12T16:29:50.785+0000] {taskinstance.py:1412} INFO - Marking task as SUCCESS. dag_id=insert_to_***, task_id=load, execution_date=20241102T092000, start_date=20250112T162948, end_date=20250112T162950
[2025-01-12T16:29:50.844+0000] {local_task_job.py:156} INFO - Task exited with return code 0
[2025-01-12T16:29:50.961+0000] {local_task_job.py:279} INFO - 0 downstream tasks scheduled from follow-on schedule check
