[2025-01-12T16:29:51.422+0000] {taskinstance.py:1171} INFO - Dependencies all met for <TaskInstance: insert_to_airflow.load scheduled__2024-11-09T09:10:00+00:00 [queued]>
[2025-01-12T16:29:51.436+0000] {taskinstance.py:1171} INFO - Dependencies all met for <TaskInstance: insert_to_airflow.load scheduled__2024-11-09T09:10:00+00:00 [queued]>
[2025-01-12T16:29:51.436+0000] {taskinstance.py:1368} INFO - 
--------------------------------------------------------------------------------
[2025-01-12T16:29:51.437+0000] {taskinstance.py:1369} INFO - Starting attempt 2 of 2
[2025-01-12T16:29:51.440+0000] {taskinstance.py:1370} INFO - 
--------------------------------------------------------------------------------
[2025-01-12T16:29:51.454+0000] {taskinstance.py:1389} INFO - Executing <Task(PythonOperator): load> on 2024-11-09 09:10:00+00:00
[2025-01-12T16:29:51.461+0000] {standard_task_runner.py:52} INFO - Started process 15730 to run task
[2025-01-12T16:29:51.468+0000] {standard_task_runner.py:79} INFO - Running: ['***', 'tasks', 'run', 'insert_to_***', 'load', 'scheduled__2024-11-09T09:10:00+00:00', '--job-id', '1356', '--raw', '--subdir', 'DAGS_FOLDER/P2M3_nathaniel_andre_DAG.py', '--cfg-path', '/tmp/tmpo4l7uvrt', '--error-file', '/tmp/tmppq7iqraf']
[2025-01-12T16:29:51.470+0000] {standard_task_runner.py:80} INFO - Job 1356: Subtask load
[2025-01-12T16:29:51.538+0000] {task_command.py:371} INFO - Running <TaskInstance: insert_to_airflow.load scheduled__2024-11-09T09:10:00+00:00 [running]> on host 2a18b2dc8ea9
[2025-01-12T16:29:51.620+0000] {taskinstance.py:1583} INFO - Exporting the following env vars:
AIRFLOW_CTX_DAG_OWNER=nathaniel
AIRFLOW_CTX_DAG_ID=insert_to_***
AIRFLOW_CTX_TASK_ID=load
AIRFLOW_CTX_EXECUTION_DATE=2024-11-09T09:10:00+00:00
AIRFLOW_CTX_TRY_NUMBER=2
AIRFLOW_CTX_DAG_RUN_ID=scheduled__2024-11-09T09:10:00+00:00
[2025-01-12T16:29:51.629+0000] {base.py:271} INFO - PUT http://elasticsearch:9200/loadpostgres [status:400 request:0.007s]
[2025-01-12T16:29:51.906+0000] {base.py:271} INFO - POST http://elasticsearch:9200/_bulk [status:200 request:0.081s]
[2025-01-12T16:29:51.968+0000] {base.py:271} INFO - POST http://elasticsearch:9200/_bulk [status:200 request:0.038s]
[2025-01-12T16:29:52.005+0000] {base.py:271} INFO - POST http://elasticsearch:9200/_bulk [status:200 request:0.029s]
[2025-01-12T16:29:52.039+0000] {base.py:271} INFO - POST http://elasticsearch:9200/_bulk [status:200 request:0.027s]
[2025-01-12T16:29:52.077+0000] {base.py:271} INFO - POST http://elasticsearch:9200/_bulk [status:200 request:0.029s]
[2025-01-12T16:29:52.122+0000] {base.py:271} INFO - POST http://elasticsearch:9200/_bulk [status:200 request:0.036s]
[2025-01-12T16:29:52.178+0000] {base.py:271} INFO - POST http://elasticsearch:9200/_bulk [status:200 request:0.047s]
[2025-01-12T16:29:52.275+0000] {base.py:271} INFO - POST http://elasticsearch:9200/_bulk [status:200 request:0.084s]
[2025-01-12T16:29:52.331+0000] {base.py:271} INFO - POST http://elasticsearch:9200/_bulk [status:200 request:0.045s]
[2025-01-12T16:29:52.385+0000] {base.py:271} INFO - POST http://elasticsearch:9200/_bulk [status:200 request:0.044s]
[2025-01-12T16:29:52.446+0000] {base.py:271} INFO - POST http://elasticsearch:9200/_bulk [status:200 request:0.046s]
[2025-01-12T16:29:52.482+0000] {base.py:271} INFO - POST http://elasticsearch:9200/_bulk [status:200 request:0.028s]
[2025-01-12T16:29:52.894+0000] {base.py:271} INFO - POST http://elasticsearch:9200/_bulk [status:200 request:0.390s]
[2025-01-12T16:29:53.013+0000] {base.py:271} INFO - POST http://elasticsearch:9200/_bulk [status:200 request:0.102s]
[2025-01-12T16:29:53.182+0000] {base.py:271} INFO - POST http://elasticsearch:9200/_bulk [status:200 request:0.143s]
[2025-01-12T16:29:53.396+0000] {base.py:271} INFO - POST http://elasticsearch:9200/_bulk [status:200 request:0.182s]
[2025-01-12T16:29:53.535+0000] {base.py:271} INFO - POST http://elasticsearch:9200/_bulk [status:200 request:0.120s]
[2025-01-12T16:29:53.611+0000] {base.py:271} INFO - POST http://elasticsearch:9200/_bulk [status:200 request:0.045s]
[2025-01-12T16:29:53.704+0000] {base.py:271} INFO - POST http://elasticsearch:9200/_bulk [status:200 request:0.057s]
[2025-01-12T16:29:54.054+0000] {base.py:271} INFO - POST http://elasticsearch:9200/_bulk [status:200 request:0.311s]
[2025-01-12T16:29:54.064+0000] {logging_mixin.py:115} INFO - Successfully indexed 9994 documents.
[2025-01-12T16:29:54.176+0000] {python.py:173} INFO - Done. Returned value was: None
[2025-01-12T16:29:54.247+0000] {taskinstance.py:1412} INFO - Marking task as SUCCESS. dag_id=insert_to_***, task_id=load, execution_date=20241109T091000, start_date=20250112T162951, end_date=20250112T162954
[2025-01-12T16:29:54.440+0000] {local_task_job.py:156} INFO - Task exited with return code 0
[2025-01-12T16:29:54.562+0000] {local_task_job.py:279} INFO - 0 downstream tasks scheduled from follow-on schedule check
