[2025-01-12T16:29:51.416+0000] {taskinstance.py:1171} INFO - Dependencies all met for <TaskInstance: insert_to_airflow.load scheduled__2024-11-09T09:30:00+00:00 [queued]>
[2025-01-12T16:29:51.424+0000] {taskinstance.py:1171} INFO - Dependencies all met for <TaskInstance: insert_to_airflow.load scheduled__2024-11-09T09:30:00+00:00 [queued]>
[2025-01-12T16:29:51.425+0000] {taskinstance.py:1368} INFO - 
--------------------------------------------------------------------------------
[2025-01-12T16:29:51.425+0000] {taskinstance.py:1369} INFO - Starting attempt 2 of 2
[2025-01-12T16:29:51.425+0000] {taskinstance.py:1370} INFO - 
--------------------------------------------------------------------------------
[2025-01-12T16:29:51.459+0000] {taskinstance.py:1389} INFO - Executing <Task(PythonOperator): load> on 2024-11-09 09:30:00+00:00
[2025-01-12T16:29:51.467+0000] {standard_task_runner.py:52} INFO - Started process 15731 to run task
[2025-01-12T16:29:51.471+0000] {standard_task_runner.py:79} INFO - Running: ['***', 'tasks', 'run', 'insert_to_***', 'load', 'scheduled__2024-11-09T09:30:00+00:00', '--job-id', '1354', '--raw', '--subdir', 'DAGS_FOLDER/P2M3_nathaniel_andre_DAG.py', '--cfg-path', '/tmp/tmp5lc8g6nt', '--error-file', '/tmp/tmpmb0onn4y']
[2025-01-12T16:29:51.473+0000] {standard_task_runner.py:80} INFO - Job 1354: Subtask load
[2025-01-12T16:29:51.546+0000] {task_command.py:371} INFO - Running <TaskInstance: insert_to_airflow.load scheduled__2024-11-09T09:30:00+00:00 [running]> on host 2a18b2dc8ea9
[2025-01-12T16:29:51.607+0000] {taskinstance.py:1583} INFO - Exporting the following env vars:
AIRFLOW_CTX_DAG_OWNER=nathaniel
AIRFLOW_CTX_DAG_ID=insert_to_***
AIRFLOW_CTX_TASK_ID=load
AIRFLOW_CTX_EXECUTION_DATE=2024-11-09T09:30:00+00:00
AIRFLOW_CTX_TRY_NUMBER=2
AIRFLOW_CTX_DAG_RUN_ID=scheduled__2024-11-09T09:30:00+00:00
[2025-01-12T16:29:51.615+0000] {base.py:271} INFO - PUT http://elasticsearch:9200/loadpostgres [status:400 request:0.004s]
[2025-01-12T16:29:51.907+0000] {base.py:271} INFO - POST http://elasticsearch:9200/_bulk [status:200 request:0.112s]
[2025-01-12T16:29:51.965+0000] {base.py:271} INFO - POST http://elasticsearch:9200/_bulk [status:200 request:0.039s]
[2025-01-12T16:29:52.003+0000] {base.py:271} INFO - POST http://elasticsearch:9200/_bulk [status:200 request:0.030s]
[2025-01-12T16:29:52.032+0000] {base.py:271} INFO - POST http://elasticsearch:9200/_bulk [status:200 request:0.023s]
[2025-01-12T16:29:52.063+0000] {base.py:271} INFO - POST http://elasticsearch:9200/_bulk [status:200 request:0.025s]
[2025-01-12T16:29:52.086+0000] {base.py:271} INFO - POST http://elasticsearch:9200/_bulk [status:200 request:0.017s]
[2025-01-12T16:29:52.120+0000] {base.py:271} INFO - POST http://elasticsearch:9200/_bulk [status:200 request:0.026s]
[2025-01-12T16:29:52.170+0000] {base.py:271} INFO - POST http://elasticsearch:9200/_bulk [status:200 request:0.042s]
[2025-01-12T16:29:52.261+0000] {base.py:271} INFO - POST http://elasticsearch:9200/_bulk [status:200 request:0.077s]
[2025-01-12T16:29:52.335+0000] {base.py:271} INFO - POST http://elasticsearch:9200/_bulk [status:200 request:0.060s]
[2025-01-12T16:29:52.389+0000] {base.py:271} INFO - POST http://elasticsearch:9200/_bulk [status:200 request:0.043s]
[2025-01-12T16:29:52.458+0000] {base.py:271} INFO - POST http://elasticsearch:9200/_bulk [status:200 request:0.052s]
[2025-01-12T16:29:52.821+0000] {base.py:271} INFO - POST http://elasticsearch:9200/_bulk [status:200 request:0.354s]
[2025-01-12T16:29:52.910+0000] {base.py:271} INFO - POST http://elasticsearch:9200/_bulk [status:200 request:0.072s]
[2025-01-12T16:29:53.026+0000] {base.py:271} INFO - POST http://elasticsearch:9200/_bulk [status:200 request:0.101s]
[2025-01-12T16:29:53.188+0000] {base.py:271} INFO - POST http://elasticsearch:9200/_bulk [status:200 request:0.147s]
[2025-01-12T16:29:53.381+0000] {base.py:271} INFO - POST http://elasticsearch:9200/_bulk [status:200 request:0.167s]
[2025-01-12T16:29:53.525+0000] {base.py:271} INFO - POST http://elasticsearch:9200/_bulk [status:200 request:0.118s]
[2025-01-12T16:29:53.663+0000] {base.py:271} INFO - POST http://elasticsearch:9200/_bulk [status:200 request:0.115s]
[2025-01-12T16:29:54.066+0000] {base.py:271} INFO - POST http://elasticsearch:9200/_bulk [status:200 request:0.357s]
[2025-01-12T16:29:54.078+0000] {logging_mixin.py:115} INFO - Successfully indexed 9994 documents.
[2025-01-12T16:29:54.127+0000] {python.py:173} INFO - Done. Returned value was: None
[2025-01-12T16:29:54.237+0000] {taskinstance.py:1412} INFO - Marking task as SUCCESS. dag_id=insert_to_***, task_id=load, execution_date=20241109T093000, start_date=20250112T162951, end_date=20250112T162954
[2025-01-12T16:29:54.413+0000] {local_task_job.py:156} INFO - Task exited with return code 0
[2025-01-12T16:29:54.534+0000] {local_task_job.py:279} INFO - 0 downstream tasks scheduled from follow-on schedule check
