[2025-01-12T16:24:42.911+0000] {taskinstance.py:1171} INFO - Dependencies all met for <TaskInstance: insert_to_airflow.fetch scheduled__2024-11-30T09:30:00+00:00 [queued]>
[2025-01-12T16:24:42.916+0000] {taskinstance.py:1171} INFO - Dependencies all met for <TaskInstance: insert_to_airflow.fetch scheduled__2024-11-30T09:30:00+00:00 [queued]>
[2025-01-12T16:24:42.916+0000] {taskinstance.py:1368} INFO - 
--------------------------------------------------------------------------------
[2025-01-12T16:24:42.918+0000] {taskinstance.py:1369} INFO - Starting attempt 1 of 2
[2025-01-12T16:24:42.918+0000] {taskinstance.py:1370} INFO - 
--------------------------------------------------------------------------------
[2025-01-12T16:24:42.936+0000] {taskinstance.py:1389} INFO - Executing <Task(PythonOperator): fetch> on 2024-11-30 09:30:00+00:00
[2025-01-12T16:24:42.943+0000] {standard_task_runner.py:52} INFO - Started process 15496 to run task
[2025-01-12T16:24:42.946+0000] {standard_task_runner.py:79} INFO - Running: ['***', 'tasks', 'run', 'insert_to_***', 'fetch', 'scheduled__2024-11-30T09:30:00+00:00', '--job-id', '1313', '--raw', '--subdir', 'DAGS_FOLDER/P2M3_nathaniel_andre_DAG.py', '--cfg-path', '/tmp/tmpelswsll_', '--error-file', '/tmp/tmp3f9t78jz']
[2025-01-12T16:24:42.948+0000] {standard_task_runner.py:80} INFO - Job 1313: Subtask fetch
[2025-01-12T16:24:43.088+0000] {task_command.py:371} INFO - Running <TaskInstance: insert_to_airflow.fetch scheduled__2024-11-30T09:30:00+00:00 [running]> on host 2a18b2dc8ea9
[2025-01-12T16:24:43.205+0000] {taskinstance.py:1583} INFO - Exporting the following env vars:
AIRFLOW_CTX_DAG_OWNER=nathaniel
AIRFLOW_CTX_DAG_ID=insert_to_***
AIRFLOW_CTX_TASK_ID=fetch
AIRFLOW_CTX_EXECUTION_DATE=2024-11-30T09:30:00+00:00
AIRFLOW_CTX_TRY_NUMBER=1
AIRFLOW_CTX_DAG_RUN_ID=scheduled__2024-11-30T09:30:00+00:00
[2025-01-12T16:24:45.500+0000] {logging_mixin.py:115} INFO - Data extracted and saved to raw_data.csv
[2025-01-12T16:24:45.505+0000] {python.py:173} INFO - Done. Returned value was: None
[2025-01-12T16:24:45.519+0000] {taskinstance.py:1412} INFO - Marking task as SUCCESS. dag_id=insert_to_***, task_id=fetch, execution_date=20241130T093000, start_date=20250112T162442, end_date=20250112T162445
[2025-01-12T16:24:45.547+0000] {local_task_job.py:156} INFO - Task exited with return code 0
[2025-01-12T16:24:45.601+0000] {local_task_job.py:279} INFO - 1 downstream tasks scheduled from follow-on schedule check
